[0926/022148.420:INFO:CONSOLE(115)] "Event handler of 'x-storagemutated-1' event must be added on the initial evaluation of worker script.", source: https://static.whatsapp.net/rsrc.php/v4/ys/r/XkKuEJ45saw.js (115)
[0926/022149.718:INFO:CONSOLE(0)] "Error with Permissions-Policy header: Feature xr-spatial-tracking's parameters are ignored.", source:  (0)
[0926/022149.719:INFO:CONSOLE(0)] "Error with Permissions-Policy header: Origin trial controlled feature not enabled: 'attribution-reporting'.", source:  (0)
[0926/022149.719:INFO:CONSOLE(0)] "Error with Permissions-Policy header: Unrecognized feature: 'compute-pressure'.", source:  (0)
[0926/022149.720:INFO:CONSOLE(0)] "Error with Permissions-Policy header: Origin trial controlled feature not enabled: 'interest-cohort'.", source:  (0)
[0926/022149.720:INFO:CONSOLE(0)] "Error with Permissions-Policy header: Unrecognized feature: 'private-state-token-issuance'.", source:  (0)
[0926/022149.720:INFO:CONSOLE(0)] "Error with Permissions-Policy header: Origin trial controlled feature not enabled: 'shared-storage'.", source:  (0)
[0926/022149.720:INFO:CONSOLE(0)] "Error with Permissions-Policy header: Unrecognized feature: 'shared-storage-select-url'.", source:  (0)
[0926/022149.721:INFO:CONSOLE(0)] "Error with Permissions-Policy header: Unrecognized feature: 'private-state-token-redemption'.", source:  (0)
[0926/022149.721:INFO:CONSOLE(0)] "Error with Permissions-Policy header: Unrecognized feature: 'unload'.", source:  (0)
[0926/022149.721:INFO:CONSOLE(0)] "Error with Permissions-Policy header: Unrecognized feature: 'window-management'.", source:  (0)
[0926/022149.721:INFO:CONSOLE(0)] "Document-Policy HTTP header: Unrecognized document policy feature name include-js-call-stacks-in-crash-reports.", source: https://web.whatsapp.com/ (0)
[0926/022200.283:ERROR:cache_util_win.cc(20)] Unable to move the cache: Access is denied. (0x5)
[0926/022200.296:ERROR:disk_cache.cc(205)] Unable to create cache
[0926/022200.296:ERROR:gpu_disk_cache.cc(673)] Gpu Cache Creation failed: -2
[0926/022200.298:ERROR:cache_util_win.cc(20)] Unable to move the cache: Access is denied. (0x5)
[0926/022200.298:ERROR:disk_cache.cc(205)] Unable to create cache
[0926/022200.298:ERROR:gpu_disk_cache.cc(673)] Gpu Cache Creation failed: -2
[0926/022202.404:ERROR:cache_util_win.cc(20)] Unable to move the cache: Access is denied. (0x5)
[0926/022202.404:ERROR:disk_cache.cc(205)] Unable to create cache
[0926/022203.213:INFO:CONSOLE(0)] "Error with Permissions-Policy header: Feature xr-spatial-tracking's parameters are ignored.", source:  (0)
[0926/022203.214:INFO:CONSOLE(0)] "Error with Permissions-Policy header: Origin trial controlled feature not enabled: 'attribution-reporting'.", source:  (0)
[0926/022203.214:INFO:CONSOLE(0)] "Error with Permissions-Policy header: Unrecognized feature: 'compute-pressure'.", source:  (0)
[0926/022203.214:INFO:CONSOLE(0)] "Error with Permissions-Policy header: Origin trial controlled feature not enabled: 'interest-cohort'.", source:  (0)
[0926/022203.214:INFO:CONSOLE(0)] "Error with Permissions-Policy header: Unrecognized feature: 'private-state-token-issuance'.", source:  (0)
[0926/022203.214:INFO:CONSOLE(0)] "Error with Permissions-Policy header: Origin trial controlled feature not enabled: 'shared-storage'.", source:  (0)
[0926/022203.214:INFO:CONSOLE(0)] "Error with Permissions-Policy header: Unrecognized feature: 'shared-storage-select-url'.", source:  (0)
[0926/022203.214:INFO:CONSOLE(0)] "Error with Permissions-Policy header: Unrecognized feature: 'private-state-token-redemption'.", source:  (0)
[0926/022203.214:INFO:CONSOLE(0)] "Error with Permissions-Policy header: Unrecognized feature: 'unload'.", source:  (0)
[0926/022203.214:INFO:CONSOLE(0)] "Error with Permissions-Policy header: Unrecognized feature: 'window-management'.", source:  (0)
[0926/022203.215:INFO:CONSOLE(0)] "Document-Policy HTTP header: Unrecognized document policy feature name include-js-call-stacks-in-crash-reports.", source: https://web.whatsapp.com/ (0)
[0926/022203.313:ERROR:service_worker_storage.cc(1933)] Failed to delete the database: Database IO error
[0926/022210.804:ERROR:leveldb_factory.cc(88)] Failed to open LevelDB database from C:\Student Enrolment v1\V2_c\v4\v0-Student-enrollment-system\data\chrome-profile\Default\IndexedDB\https_web.whatsapp.com_0.indexeddb.leveldb,IO error: C:\Student Enrolment v1\V2_c\v4\v0-Student-enrollment-system\data\chrome-profile\Default\IndexedDB\https_web.whatsapp.com_0.indexeddb.leveldb/LOCK: File currently in use. (ChromeMethodBFE: 15::LockFile::2)
[0926/022212.868:ERROR:leveldb_factory.cc(88)] Failed to open LevelDB database from C:\Student Enrolment v1\V2_c\v4\v0-Student-enrollment-system\data\chrome-profile\Default\IndexedDB\https_web.whatsapp.com_0.indexeddb.leveldb,IO error: C:\Student Enrolment v1\V2_c\v4\v0-Student-enrollment-system\data\chrome-profile\Default\IndexedDB\https_web.whatsapp.com_0.indexeddb.leveldb/LOCK: File currently in use. (ChromeMethodBFE: 15::LockFile::2)
